<?xml version="1.0" encoding="UTF-8"?>
<!-- Generated by org.testng.reporters.JUnitReportReporter -->
<testsuite skipped="0" hostname="YCSLAP0545" name="Mytests.Homepagetest" tests="2" failures="0" timestamp="2022-08-29T11:40:03 IST" time="0.245" errors="0">
  <testcase name="contacttest" time="0.137" classname="Mytests.Homepagetest"/>
  <system-out/>
  <testcase name="headertest" time="0.108" classname="Mytests.Homepagetest"/>
  <system-out/>
</testsuite> <!-- Mytests.Homepagetest -->
